<?xml version="1.0" encoding="UTF-8"?>
<!-- Generated by org.testng.reporters.JUnitReportReporter -->
<testsuite hostname="MSI" failures="0" tests="2" name="test.Parallel2" time="7.337" errors="0" timestamp="2025-03-13T07:33:25 IST" skipped="0">
  <testcase classname="test.Parallel2" name="chrome" time="4.029"/>
  <testcase classname="test.Parallel2" name="edge" time="3.308"/>
</testsuite> <!-- test.Parallel2 -->
