<?xml version="1.0" encoding="UTF-8"?>
<!-- Generated by org.testng.reporters.JUnitReportReporter -->
<testsuite hostname="MSI" failures="0" tests="3" name="test.Groups" time="0.012" errors="0" timestamp="2025-03-12T09:29:39 IST" skipped="0">
  <testcase classname="test.Groups" name="test4" time="0.002"/>
  <testcase classname="test.Groups" name="test3" time="0.001"/>
  <testcase classname="test.Groups" name="test1" time="0.009"/>
</testsuite> <!-- test.Groups -->
