<?xml version="1.0" encoding="UTF-8"?>
<!-- Generated by org.testng.reporters.JUnitReportReporter -->
<testsuite hostname="MSI" failures="0" tests="4" name="test.Invocation" time="0.010" errors="0" timestamp="2025-03-12T10:19:50 IST" skipped="0">
  <testcase classname="test.Invocation" name="test1" time="0.001"/>
  <testcase classname="test.Invocation" name="test2" time="0.001"/>
  <testcase classname="test.Invocation" name="test1" time="0.007"/>
  <testcase classname="test.Invocation" name="test3" time="0.001"/>
</testsuite> <!-- test.Invocation -->
