<?xml version="1.0" encoding="UTF-8"?>
<!-- Generated by org.testng.reporters.JUnitReportReporter -->
<testsuite hostname="MSI" failures="0" tests="2" name="Dataprovider3" time="0.014" errors="0" timestamp="2025-03-18T21:45:04 IST" skipped="0">
  <testcase classname="Dataprovider3" name="actual" time="0.012"/>
  <testcase classname="Dataprovider3" name="actual" time="0.002"/>
</testsuite> <!-- Dataprovider3 -->
