<?xml version="1.0" encoding="UTF-8"?>
<!-- Generated by org.testng.reporters.JUnitReportReporter -->
<testsuite hostname="MSI" failures="0" tests="1" name="TestRunner.InstaTestRunner" time="4.408" errors="0" timestamp="2025-03-12T18:40:04 IST" skipped="0">
  <testcase classname="TestRunner.InstaTestRunner" name="runScenario" time="4.408"/>
</testsuite> <!-- TestRunner.InstaTestRunner -->
