<?xml version="1.0" encoding="UTF-8"?>
<!-- Generated by org.testng.reporters.JUnitReportReporter -->
<testsuite hostname="MSI" failures="0" tests="1" name="TestRunner.TestRunner" time="6.498" errors="0" timestamp="2025-03-12T15:12:48 IST" skipped="0">
  <testcase classname="TestRunner.TestRunner" name="runScenario" time="6.498"/>
</testsuite> <!-- TestRunner.TestRunner -->
