<?xml version="1.0" encoding="UTF-8"?>
<!-- Generated by org.testng.reporters.JUnitReportReporter -->
<testsuite hostname="MSI" failures="0" tests="1" name="test.ParaMeters" time="5.645" errors="0" timestamp="2025-03-12T09:13:04 IST" skipped="0">
  <testcase classname="test.ParaMeters" name="Parameters" time="5.645"/>
</testsuite> <!-- test.ParaMeters -->
