<?xml version="1.0" encoding="UTF-8"?>
<!-- Generated by org.testng.reporters.JUnitReportReporter -->
<testsuite hostname="MSI" failures="0" tests="3" name="test.Parallel" time="3.220" errors="0" timestamp="2025-03-12T09:45:49 IST" skipped="0">
  <testcase classname="test.Parallel" name="test2" time="1.605"/>
  <testcase classname="test.Parallel" name="test1" time="1.605"/>
  <testcase classname="test.Parallel" name="test3" time="0.010"/>
</testsuite> <!-- test.Parallel -->
