<?xml version="1.0" encoding="UTF-8"?>
<!-- Generated by org.testng.reporters.JUnitReportReporter -->
<testsuite hostname="MSI" failures="0" tests="2" name="test.Groups_2" time="0.017" errors="0" timestamp="2025-03-13T07:21:50 IST" skipped="0">
  <testcase classname="test.Groups_2" name="sanity" time="0.015"/>
  <testcase classname="test.Groups_2" name="smoke" time="0.002"/>
</testsuite> <!-- test.Groups_2 -->
