<?xml version="1.0" encoding="UTF-8"?>
<!-- Generated by org.testng.reporters.JUnitReportReporter -->
<testsuite hostname="MSI" failures="0" tests="1" name="TestRunner.FBTestRunner" time="0.103" errors="0" timestamp="2025-03-13T21:22:01 IST" skipped="0">
  <testcase classname="TestRunner.FBTestRunner" name="runScenario" time="0.103"/>
</testsuite> <!-- TestRunner.FBTestRunner -->
